# JRE version: OpenJDK Runtime Environment (11.0.13) (build 11.0.13+0-b1751.21-8125866)
# Java VM: OpenJDK 64-Bit Server VM (11.0.13+0-b1751.21-8125866, mixed mode, tiered, compressed oops, g1 gc, windows-amd64)
Heap:
 garbage-first heap   total 236544K, used 179433K [0x0000000080000000, 0x0000000100000000)
  region size 1024K, 69 young (70656K), 5 survivors (5120K)
 Metaspace       used 139508K, capacity 143210K, committed 143900K, reserved 1175552K
  class space    used 17116K, capacity 18537K, committed 18840K, reserved 1048576K
GC Heap History (20 events):
Event: 2892.791 GC heap after
{Heap after GC invocations=49 (full 0):
 garbage-first heap   total 236544K, used 120010K [0x0000000080000000, 0x0000000100000000)
  region size 1024K, 1 young (1024K), 1 survivors (1024K)
 Metaspace       used 137987K, capacity 141596K, committed 141980K, reserved 1173504K
  class space    used 17089K, capacity 18508K, committed 18712K, reserved 1048576K
}
Event: 3503.207 GC heap before
{Heap before GC invocations=49 (full 0):
 garbage-first heap   total 236544K, used 192714K [0x0000000080000000, 0x0000000100000000)
  region size 1024K, 73 young (74752K), 1 survivors (1024K)
 Metaspace       used 138686K, capacity 142600K, committed 142748K, reserved 1173504K
  class space    used 17186K, capacity 18675K, committed 18712K, reserved 1048576K
}
Event: 3503.218 GC heap after
{Heap after GC invocations=50 (full 0):
 garbage-first heap   total 236544K, used 126128K [0x0000000080000000, 0x0000000100000000)
  region size 1024K, 7 young (7168K), 7 survivors (7168K)
 Metaspace       used 138686K, capacity 142600K, committed 142748K, reserved 1173504K
  class space    used 17186K, capacity 18675K, committed 18712K, reserved 1048576K
}
Event: 5475.236 GC heap before
{Heap before GC invocations=51 (full 0):
 garbage-first heap   total 236544K, used 192688K [0x0000000080000000, 0x0000000100000000)
  region size 1024K, 73 young (74752K), 7 survivors (7168K)
 Metaspace       used 138764K, capacity 142686K, committed 142748K, reserved 1173504K
  class space    used 17187K, capacity 18677K, committed 18712K, reserved 1048576K
}
Event: 5475.249 GC heap after
{Heap after GC invocations=52 (full 0):
 garbage-first heap   total 236544K, used 129113K [0x0000000080000000, 0x0000000100000000)
  region size 1024K, 4 young (4096K), 4 survivors (4096K)
 Metaspace       used 138764K, capacity 142686K, committed 142748K, reserved 1173504K
  class space    used 17187K, capacity 18677K, committed 18712K, reserved 1048576K
}
Event: 5475.331 GC heap before
{Heap before GC invocations=52 (full 0):
 garbage-first heap   total 236544K, used 136281K [0x0000000080000000, 0x0000000100000000)
  region size 1024K, 11 young (11264K), 4 survivors (4096K)
 Metaspace       used 138857K, capacity 142814K, committed 143004K, reserved 1173504K
  class space    used 17191K, capacity 18677K, committed 18712K, reserved 1048576K
}
Event: 5475.358 GC heap after
{Heap after GC invocations=53 (full 0):
 garbage-first heap   total 236544K, used 114173K [0x0000000080000000, 0x0000000100000000)
  region size 1024K, 2 young (2048K), 2 survivors (2048K)
 Metaspace       used 138857K, capacity 142814K, committed 143004K, reserved 1173504K
  class space    used 17191K, capacity 18677K, committed 18712K, reserved 1048576K
}
Event: 5475.643 GC heap before
{Heap before GC invocations=53 (full 0):
 garbage-first heap   total 236544K, used 134653K [0x0000000080000000, 0x0000000100000000)
  region size 1024K, 23 young (23552K), 2 survivors (2048K)
 Metaspace       used 138893K, capacity 142879K, committed 143004K, reserved 1173504K
  class space    used 17191K, capacity 18677K, committed 18712K, reserved 1048576K
}
Event: 5475.679 GC heap after
{Heap after GC invocations=54 (full 0):
 garbage-first heap   total 236544K, used 116536K [0x0000000080000000, 0x0000000100000000)
  region size 1024K, 5 young (5120K), 5 survivors (5120K)
 Metaspace       used 138893K, capacity 142879K, committed 143004K, reserved 1173504K
  class space    used 17191K, capacity 18677K, committed 18712K, reserved 1048576K
}
Event: 5476.344 GC heap before
{Heap before GC invocations=55 (full 0):
 garbage-first heap   total 236544K, used 189240K [0x0000000080000000, 0x0000000100000000)
  region size 1024K, 59 young (60416K), 5 survivors (5120K)
 Metaspace       used 138193K, capacity 141674K, committed 143004K, reserved 1173504K
  class space    used 17019K, capacity 18349K, committed 18712K, reserved 1048576K
}
Event: 5476.356 GC heap after
{Heap after GC invocations=56 (full 0):
 garbage-first heap   total 236544K, used 116744K [0x0000000080000000, 0x0000000100000000)
  region size 1024K, 4 young (4096K), 4 survivors (4096K)
 Metaspace       used 138193K, capacity 141674K, committed 143004K, reserved 1173504K
  class space    used 17019K, capacity 18349K, committed 18712K, reserved 1048576K
}
Event: 5476.418 GC heap before
{Heap before GC invocations=56 (full 0):
 garbage-first heap   total 236544K, used 122888K [0x0000000080000000, 0x0000000100000000)
  region size 1024K, 11 young (11264K), 4 survivors (4096K)
 Metaspace       used 138195K, capacity 141674K, committed 143004K, reserved 1173504K
  class space    used 17019K, capacity 18349K, committed 18712K, reserved 1048576K
}
Event: 5476.444 GC heap after
{Heap after GC invocations=57 (full 0):
 garbage-first heap   total 236544K, used 103962K [0x0000000080000000, 0x0000000100000000)
  region size 1024K, 1 young (1024K), 1 survivors (1024K)
 Metaspace       used 138195K, capacity 141674K, committed 143004K, reserved 1173504K
  class space    used 17019K, capacity 18349K, committed 18712K, reserved 1048576K
}
Event: 5480.295 GC heap before
{Heap before GC invocations=57 (full 0):
 garbage-first heap   total 236544K, used 169498K [0x0000000080000000, 0x0000000100000000)
  region size 1024K, 66 young (67584K), 1 survivors (1024K)
 Metaspace       used 138846K, capacity 142476K, committed 143516K, reserved 1173504K
  class space    used 17060K, capacity 18424K, committed 18712K, reserved 1048576K
}
Event: 5480.308 GC heap after
{Heap after GC invocations=58 (full 0):
 garbage-first heap   total 236544K, used 109531K [0x0000000080000000, 0x0000000100000000)
  region size 1024K, 7 young (7168K), 7 survivors (7168K)
 Metaspace       used 138846K, capacity 142476K, committed 143516K, reserved 1173504K
  class space    used 17060K, capacity 18424K, committed 18712K, reserved 1048576K
}
Event: 5484.529 GC heap before
{Heap before GC invocations=59 (full 0):
 garbage-first heap   total 236544K, used 184283K [0x0000000080000000, 0x0000000100000000)
  region size 1024K, 71 young (72704K), 7 survivors (7168K)
 Metaspace       used 139279K, capacity 143065K, committed 143900K, reserved 1175552K
  class space    used 17109K, capacity 18524K, committed 18840K, reserved 1048576K
}
Event: 5484.545 GC heap after
{Heap after GC invocations=60 (full 0):
 garbage-first heap   total 236544K, used 112853K [0x0000000080000000, 0x0000000100000000)
  region size 1024K, 6 young (6144K), 6 survivors (6144K)
 Metaspace       used 139279K, capacity 143065K, committed 143900K, reserved 1175552K
  class space    used 17109K, capacity 18524K, committed 18840K, reserved 1048576K
}
Event: 5484.622 GC heap before
{Heap before GC invocations=60 (full 0):
 garbage-first heap   total 236544K, used 117973K [0x0000000080000000, 0x0000000100000000)
  region size 1024K, 11 young (11264K), 6 survivors (6144K)
 Metaspace       used 139323K, capacity 143077K, committed 143900K, reserved 1175552K
  class space    used 17110K, capacity 18526K, committed 18840K, reserved 1048576K
}
Event: 5484.638 GC heap after
{Heap after GC invocations=61 (full 0):
 garbage-first heap   total 236544K, used 113897K [0x0000000080000000, 0x0000000100000000)
  region size 1024K, 2 young (2048K), 2 survivors (2048K)
 Metaspace       used 139323K, capacity 143077K, committed 143900K, reserved 1175552K
  class space    used 17110K, capacity 18526K, committed 18840K, reserved 1048576K
}
Event: 5763.702 GC heap before
{Heap before GC invocations=61 (full 0):
 garbage-first heap   total 236544K, used 178409K [0x0000000080000000, 0x0000000100000000)
  region size 1024K, 66 young (67584K), 2 survivors (2048K)
 Metaspace       used 139508K, capacity 143210K, committed 143900K, reserved 1175552K
  class space    used 17116K, capacity 18537K, committed 18840K, reserved 1048576K
}

