# JRE version: OpenJDK Runtime Environment (11.0.15) (build 11.0.15+0-b2043.56-8887301)
# Java VM: OpenJDK 64-Bit Server VM (11.0.15+0-b2043.56-8887301, mixed mode, tiered, compressed oops, g1 gc, windows-amd64)
Heap:
 garbage-first heap   total 236544K, used 151608K [0x0000000080000000, 0x0000000100000000)
  region size 1024K, 15 young (15360K), 4 survivors (4096K)
 Metaspace       used 143735K, capacity 147903K, committed 148216K, reserved 1177600K
  class space    used 17553K, capacity 19124K, committed 19276K, reserved 1048576K
GC Heap History (20 events):
Event: 837.677 GC heap before
{Heap before GC invocations=69 (full 0):
 garbage-first heap   total 236544K, used 186510K [0x0000000080000000, 0x0000000100000000)
  region size 1024K, 11 young (11264K), 2 survivors (2048K)
 Metaspace       used 142842K, capacity 146897K, committed 147448K, reserved 1177600K
  class space    used 17534K, capacity 19089K, committed 19276K, reserved 1048576K
}
Event: 837.689 GC heap after
{Heap after GC invocations=70 (full 0):
 garbage-first heap   total 236544K, used 156923K [0x0000000080000000, 0x0000000100000000)
  region size 1024K, 1 young (1024K), 1 survivors (1024K)
 Metaspace       used 142842K, capacity 146897K, committed 147448K, reserved 1177600K
  class space    used 17534K, capacity 19089K, committed 19276K, reserved 1048576K
}
Event: 837.765 GC heap before
{Heap before GC invocations=70 (full 0):
 garbage-first heap   total 236544K, used 167163K [0x0000000080000000, 0x0000000100000000)
  region size 1024K, 11 young (11264K), 1 survivors (1024K)
 Metaspace       used 142860K, capacity 146903K, committed 147448K, reserved 1177600K
  class space    used 17534K, capacity 19090K, committed 19276K, reserved 1048576K
}
Event: 837.789 GC heap after
{Heap after GC invocations=71 (full 0):
 garbage-first heap   total 236544K, used 144148K [0x0000000080000000, 0x0000000100000000)
  region size 1024K, 2 young (2048K), 2 survivors (2048K)
 Metaspace       used 142860K, capacity 146903K, committed 147448K, reserved 1177600K
  class space    used 17534K, capacity 19090K, committed 19276K, reserved 1048576K
}
Event: 837.974 GC heap before
{Heap before GC invocations=71 (full 0):
 garbage-first heap   total 236544K, used 153364K [0x0000000080000000, 0x0000000100000000)
  region size 1024K, 11 young (11264K), 2 survivors (2048K)
 Metaspace       used 142922K, capacity 147095K, committed 147448K, reserved 1177600K
  class space    used 17535K, capacity 19090K, committed 19276K, reserved 1048576K
}
Event: 837.990 GC heap after
{Heap after GC invocations=72 (full 0):
 garbage-first heap   total 236544K, used 144194K [0x0000000080000000, 0x0000000100000000)
  region size 1024K, 2 young (2048K), 2 survivors (2048K)
 Metaspace       used 142922K, capacity 147095K, committed 147448K, reserved 1177600K
  class space    used 17535K, capacity 19090K, committed 19276K, reserved 1048576K
}
Event: 838.641 GC heap before
{Heap before GC invocations=72 (full 0):
 garbage-first heap   total 236544K, used 184130K [0x0000000080000000, 0x0000000100000000)
  region size 1024K, 42 young (43008K), 2 survivors (2048K)
 Metaspace       used 143064K, capacity 147132K, committed 147448K, reserved 1177600K
  class space    used 17539K, capacity 19098K, committed 19276K, reserved 1048576K
}
Event: 838.654 GC heap after
{Heap after GC invocations=73 (full 0):
 garbage-first heap   total 236544K, used 148290K [0x0000000080000000, 0x0000000100000000)
  region size 1024K, 6 young (6144K), 6 survivors (6144K)
 Metaspace       used 143064K, capacity 147132K, committed 147448K, reserved 1177600K
  class space    used 17539K, capacity 19098K, committed 19276K, reserved 1048576K
}
Event: 840.413 GC heap before
{Heap before GC invocations=74 (full 0):
 garbage-first heap   total 236544K, used 185154K [0x0000000080000000, 0x0000000100000000)
  region size 1024K, 45 young (46080K), 6 survivors (6144K)
 Metaspace       used 143117K, capacity 147218K, committed 147704K, reserved 1177600K
  class space    used 17541K, capacity 19101K, committed 19276K, reserved 1048576K
}
Event: 840.428 GC heap after
{Heap after GC invocations=75 (full 0):
 garbage-first heap   total 236544K, used 152155K [0x0000000080000000, 0x0000000100000000)
  region size 1024K, 6 young (6144K), 6 survivors (6144K)
 Metaspace       used 143117K, capacity 147218K, committed 147704K, reserved 1177600K
  class space    used 17541K, capacity 19101K, committed 19276K, reserved 1048576K
}
Event: 840.456 GC heap before
{Heap before GC invocations=75 (full 0):
 garbage-first heap   total 236544K, used 157275K [0x0000000080000000, 0x0000000100000000)
  region size 1024K, 11 young (11264K), 6 survivors (6144K)
 Metaspace       used 143124K, capacity 147218K, committed 147704K, reserved 1177600K
  class space    used 17541K, capacity 19101K, committed 19276K, reserved 1048576K
}
Event: 840.472 GC heap after
{Heap after GC invocations=76 (full 0):
 garbage-first heap   total 236544K, used 139264K [0x0000000080000000, 0x0000000100000000)
  region size 1024K, 1 young (1024K), 1 survivors (1024K)
 Metaspace       used 143124K, capacity 147218K, committed 147704K, reserved 1177600K
  class space    used 17541K, capacity 19101K, committed 19276K, reserved 1048576K
}
Event: 840.712 GC heap before
{Heap before GC invocations=76 (full 0):
 garbage-first heap   total 236544K, used 181248K [0x0000000080000000, 0x0000000100000000)
  region size 1024K, 43 young (44032K), 1 survivors (1024K)
 Metaspace       used 143161K, capacity 147282K, committed 147704K, reserved 1177600K
  class space    used 17541K, capacity 19101K, committed 19276K, reserved 1048576K
}
Event: 840.717 GC heap after
{Heap after GC invocations=77 (full 0):
 garbage-first heap   total 236544K, used 140972K [0x0000000080000000, 0x0000000100000000)
  region size 1024K, 3 young (3072K), 3 survivors (3072K)
 Metaspace       used 143161K, capacity 147282K, committed 147704K, reserved 1177600K
  class space    used 17541K, capacity 19101K, committed 19276K, reserved 1048576K
}
Event: 2152.281 GC heap before
{Heap before GC invocations=78 (full 0):
 garbage-first heap   total 236544K, used 195244K [0x0000000080000000, 0x0000000100000000)
  region size 1024K, 46 young (47104K), 3 survivors (3072K)
 Metaspace       used 143429K, capacity 147520K, committed 147960K, reserved 1177600K
  class space    used 17543K, capacity 19104K, committed 19276K, reserved 1048576K
}
Event: 2152.284 GC heap after
{Heap after GC invocations=79 (full 0):
 garbage-first heap   total 236544K, used 138948K [0x0000000080000000, 0x0000000100000000)
  region size 1024K, 1 young (1024K), 1 survivors (1024K)
 Metaspace       used 143429K, capacity 147520K, committed 147960K, reserved 1177600K
  class space    used 17543K, capacity 19104K, committed 19276K, reserved 1048576K
}
Event: 2694.903 GC heap before
{Heap before GC invocations=79 (full 0):
 garbage-first heap   total 236544K, used 149188K [0x0000000080000000, 0x0000000100000000)
  region size 1024K, 11 young (11264K), 1 survivors (1024K)
 Metaspace       used 143449K, capacity 147520K, committed 147960K, reserved 1177600K
  class space    used 17543K, capacity 19104K, committed 19276K, reserved 1048576K
}
Event: 2694.907 GC heap after
{Heap after GC invocations=80 (full 0):
 garbage-first heap   total 236544K, used 137973K [0x0000000080000000, 0x0000000100000000)
  region size 1024K, 1 young (1024K), 1 survivors (1024K)
 Metaspace       used 143449K, capacity 147520K, committed 147960K, reserved 1177600K
  class space    used 17543K, capacity 19104K, committed 19276K, reserved 1048576K
}
Event: 3600.055 GC heap before
{Heap before GC invocations=80 (full 0):
 garbage-first heap   total 236544K, used 185077K [0x0000000080000000, 0x0000000100000000)
  region size 1024K, 48 young (49152K), 1 survivors (1024K)
 Metaspace       used 143561K, capacity 147648K, committed 147960K, reserved 1177600K
  class space    used 17549K, capacity 19115K, committed 19276K, reserved 1048576K
}
Event: 3600.072 GC heap after
{Heap after GC invocations=81 (full 0):
 garbage-first heap   total 236544K, used 141368K [0x0000000080000000, 0x0000000100000000)
  region size 1024K, 4 young (4096K), 4 survivors (4096K)
 Metaspace       used 143561K, capacity 147648K, committed 147960K, reserved 1177600K
  class space    used 17549K, capacity 19115K, committed 19276K, reserved 1048576K
}

