# JRE version: OpenJDK Runtime Environment (11.0.13) (build 11.0.13+0-b1751.21-8125866)
# Java VM: OpenJDK 64-Bit Server VM (11.0.13+0-b1751.21-8125866, mixed mode, tiered, compressed oops, g1 gc, windows-amd64)
Heap:
 garbage-first heap   total 236544K, used 135105K [0x0000000080000000, 0x0000000100000000)
  region size 1024K, 97 young (99328K), 10 survivors (10240K)
 Metaspace       used 58807K, capacity 60378K, committed 60496K, reserved 1101824K
  class space    used 7404K, capacity 7992K, committed 8064K, reserved 1048576K
GC Heap History (19 events):
Event: 0.448 GC heap before
{Heap before GC invocations=0 (full 0):
 garbage-first heap   total 196608K, used 16384K [0x0000000080000000, 0x0000000100000000)
  region size 1024K, 14 young (14336K), 0 survivors (0K)
 Metaspace       used 6732K, capacity 6929K, committed 7168K, reserved 1056768K
  class space    used 572K, capacity 650K, committed 768K, reserved 1048576K
}
Event: 0.452 GC heap after
{Heap after GC invocations=1 (full 0):
 garbage-first heap   total 196608K, used 4102K [0x0000000080000000, 0x0000000100000000)
  region size 1024K, 2 young (2048K), 2 survivors (2048K)
 Metaspace       used 6732K, capacity 6929K, committed 7168K, reserved 1056768K
  class space    used 572K, capacity 650K, committed 768K, reserved 1048576K
}
Event: 0.811 GC heap before
{Heap before GC invocations=1 (full 0):
 garbage-first heap   total 196608K, used 19462K [0x0000000080000000, 0x0000000100000000)
  region size 1024K, 14 young (14336K), 2 survivors (2048K)
 Metaspace       used 9899K, capacity 10122K, committed 10368K, reserved 1058816K
  class space    used 1011K, capacity 1102K, committed 1152K, reserved 1048576K
}
Event: 0.814 GC heap after
{Heap after GC invocations=2 (full 0):
 garbage-first heap   total 196608K, used 9553K [0x0000000080000000, 0x0000000100000000)
  region size 1024K, 2 young (2048K), 2 survivors (2048K)
 Metaspace       used 9899K, capacity 10122K, committed 10368K, reserved 1058816K
  class space    used 1011K, capacity 1102K, committed 1152K, reserved 1048576K
}
Event: 1.157 GC heap before
{Heap before GC invocations=2 (full 0):
 garbage-first heap   total 196608K, used 41297K [0x0000000080000000, 0x0000000100000000)
  region size 1024K, 32 young (32768K), 2 survivors (2048K)
 Metaspace       used 10869K, capacity 11077K, committed 11264K, reserved 1058816K
  class space    used 1112K, capacity 1207K, committed 1280K, reserved 1048576K
}
Event: 1.160 GC heap after
{Heap after GC invocations=3 (full 0):
 garbage-first heap   total 196608K, used 13025K [0x0000000080000000, 0x0000000100000000)
  region size 1024K, 4 young (4096K), 4 survivors (4096K)
 Metaspace       used 10869K, capacity 11077K, committed 11264K, reserved 1058816K
  class space    used 1112K, capacity 1207K, committed 1280K, reserved 1048576K
}
Event: 1.856 GC heap before
{Heap before GC invocations=3 (full 0):
 garbage-first heap   total 196608K, used 57057K [0x0000000080000000, 0x0000000100000000)
  region size 1024K, 48 young (49152K), 4 survivors (4096K)
 Metaspace       used 17691K, capacity 18071K, committed 18432K, reserved 1064960K
  class space    used 2061K, capacity 2177K, committed 2304K, reserved 1048576K
}
Event: 1.861 GC heap after
{Heap after GC invocations=4 (full 0):
 garbage-first heap   total 196608K, used 17674K [0x0000000080000000, 0x0000000100000000)
  region size 1024K, 6 young (6144K), 6 survivors (6144K)
 Metaspace       used 17691K, capacity 18071K, committed 18432K, reserved 1064960K
  class space    used 2061K, capacity 2177K, committed 2304K, reserved 1048576K
}
Event: 2.078 GC heap before
{Heap before GC invocations=4 (full 0):
 garbage-first heap   total 196608K, used 45322K [0x0000000080000000, 0x0000000100000000)
  region size 1024K, 34 young (34816K), 6 survivors (6144K)
 Metaspace       used 20803K, capacity 21193K, committed 21296K, reserved 1069056K
  class space    used 2524K, capacity 2688K, committed 2688K, reserved 1048576K
}
Event: 2.084 GC heap after
{Heap after GC invocations=5 (full 0):
 garbage-first heap   total 196608K, used 18536K [0x0000000080000000, 0x0000000100000000)
  region size 1024K, 7 young (7168K), 7 survivors (7168K)
 Metaspace       used 20803K, capacity 21193K, committed 21296K, reserved 1069056K
  class space    used 2524K, capacity 2688K, committed 2688K, reserved 1048576K
}
Event: 2.741 GC heap before
{Heap before GC invocations=6 (full 0):
 garbage-first heap   total 196608K, used 86120K [0x0000000080000000, 0x0000000100000000)
  region size 1024K, 74 young (75776K), 7 survivors (7168K)
 Metaspace       used 27447K, capacity 28107K, committed 28160K, reserved 1073152K
  class space    used 3568K, capacity 3810K, committed 3840K, reserved 1048576K
}
Event: 2.749 GC heap after
{Heap after GC invocations=7 (full 0):
 garbage-first heap   total 196608K, used 19642K [0x0000000080000000, 0x0000000100000000)
  region size 1024K, 8 young (8192K), 8 survivors (8192K)
 Metaspace       used 27447K, capacity 28107K, committed 28160K, reserved 1073152K
  class space    used 3568K, capacity 3810K, committed 3840K, reserved 1048576K
}
Event: 3.353 GC heap before
{Heap before GC invocations=7 (full 0):
 garbage-first heap   total 196608K, used 65722K [0x0000000080000000, 0x0000000100000000)
  region size 1024K, 54 young (55296K), 8 survivors (8192K)
 Metaspace       used 35153K, capacity 35940K, committed 36048K, reserved 1081344K
  class space    used 4509K, capacity 4806K, committed 4864K, reserved 1048576K
}
Event: 3.365 GC heap after
{Heap after GC invocations=8 (full 0):
 garbage-first heap   total 196608K, used 22966K [0x0000000080000000, 0x0000000100000000)
  region size 1024K, 7 young (7168K), 7 survivors (7168K)
 Metaspace       used 35153K, capacity 35940K, committed 36048K, reserved 1081344K
  class space    used 4509K, capacity 4806K, committed 4864K, reserved 1048576K
}
Event: 4.279 GC heap before
{Heap before GC invocations=9 (full 0):
 garbage-first heap   total 196608K, used 115126K [0x0000000080000000, 0x0000000100000000)
  region size 1024K, 95 young (97280K), 7 survivors (7168K)
 Metaspace       used 42547K, capacity 43522K, committed 43728K, reserved 1087488K
  class space    used 5430K, capacity 5805K, committed 5888K, reserved 1048576K
}
Event: 4.292 GC heap after
{Heap after GC invocations=10 (full 0):
 garbage-first heap   total 236544K, used 28906K [0x0000000080000000, 0x0000000100000000)
  region size 1024K, 12 young (12288K), 12 survivors (12288K)
 Metaspace       used 42547K, capacity 43522K, committed 43728K, reserved 1087488K
  class space    used 5430K, capacity 5805K, committed 5888K, reserved 1048576K
}
Event: 5.461 GC heap before
{Heap before GC invocations=10 (full 0):
 garbage-first heap   total 236544K, used 144618K [0x0000000080000000, 0x0000000100000000)
  region size 1024K, 125 young (128000K), 12 survivors (12288K)
 Metaspace       used 48722K, capacity 49982K, committed 50128K, reserved 1093632K
  class space    used 6135K, capacity 6632K, committed 6656K, reserved 1048576K
}
Event: 5.480 GC heap after
{Heap after GC invocations=11 (full 0):
 garbage-first heap   total 236544K, used 35777K [0x0000000080000000, 0x0000000100000000)
  region size 1024K, 13 young (13312K), 13 survivors (13312K)
 Metaspace       used 48722K, capacity 49982K, committed 50128K, reserved 1093632K
  class space    used 6135K, capacity 6632K, committed 6656K, reserved 1048576K
}
Event: 6.579 GC heap before
{Heap before GC invocations=11 (full 0):
 garbage-first heap   total 236544K, used 133057K [0x0000000080000000, 0x0000000100000000)
  region size 1024K, 100 young (102400K), 13 survivors (13312K)
 Metaspace       used 58807K, capacity 60378K, committed 60496K, reserved 1101824K
  class space    used 7404K, capacity 7992K, committed 8064K, reserved 1048576K
}

