# JRE version: OpenJDK Runtime Environment (11.0.13) (build 11.0.13+0-b1751.21-8125866)
# Java VM: OpenJDK 64-Bit Server VM (11.0.13+0-b1751.21-8125866, mixed mode, tiered, compressed oops, g1 gc, windows-amd64)
Heap:
 garbage-first heap   total 284672K, used 150287K [0x0000000080000000, 0x0000000100000000)
  region size 1024K, 25 young (25600K), 1 survivors (1024K)
 Metaspace       used 124407K, capacity 128513K, committed 128704K, reserved 1161216K
  class space    used 15784K, capacity 17347K, committed 17408K, reserved 1048576K
GC Heap History (20 events):
Event: 1115.391 GC heap before
{Heap before GC invocations=67 (full 0):
 garbage-first heap   total 284672K, used 137030K [0x0000000080000000, 0x0000000100000000)
  region size 1024K, 4 young (4096K), 1 survivors (1024K)
 Metaspace       used 124021K, capacity 128122K, committed 128448K, reserved 1161216K
  class space    used 15777K, capacity 17333K, committed 17408K, reserved 1048576K
}
Event: 1115.395 GC heap after
{Heap after GC invocations=68 (full 0):
 garbage-first heap   total 284672K, used 134818K [0x0000000080000000, 0x0000000100000000)
  region size 1024K, 1 young (1024K), 1 survivors (1024K)
 Metaspace       used 124021K, capacity 128122K, committed 128448K, reserved 1161216K
  class space    used 15777K, capacity 17333K, committed 17408K, reserved 1048576K
}
Event: 1147.625 GC heap before
{Heap before GC invocations=69 (full 0):
 garbage-first heap   total 284672K, used 205474K [0x0000000080000000, 0x0000000100000000)
  region size 1024K, 70 young (71680K), 1 survivors (1024K)
 Metaspace       used 124232K, capacity 128301K, committed 128448K, reserved 1161216K
  class space    used 15782K, capacity 17344K, committed 17408K, reserved 1048576K
}
Event: 1147.638 GC heap after
{Heap after GC invocations=70 (full 0):
 garbage-first heap   total 284672K, used 138214K [0x0000000080000000, 0x0000000100000000)
  region size 1024K, 9 young (9216K), 9 survivors (9216K)
 Metaspace       used 124232K, capacity 128301K, committed 128448K, reserved 1161216K
  class space    used 15782K, capacity 17344K, committed 17408K, reserved 1048576K
}
Event: 1147.646 GC heap before
{Heap before GC invocations=70 (full 0):
 garbage-first heap   total 284672K, used 142310K [0x0000000080000000, 0x0000000100000000)
  region size 1024K, 13 young (13312K), 9 survivors (9216K)
 Metaspace       used 124232K, capacity 128301K, committed 128448K, reserved 1161216K
  class space    used 15782K, capacity 17344K, committed 17408K, reserved 1048576K
}
Event: 1147.660 GC heap after
{Heap after GC invocations=71 (full 0):
 garbage-first heap   total 284672K, used 136936K [0x0000000080000000, 0x0000000100000000)
  region size 1024K, 2 young (2048K), 2 survivors (2048K)
 Metaspace       used 124232K, capacity 128301K, committed 128448K, reserved 1161216K
  class space    used 15782K, capacity 17344K, committed 17408K, reserved 1048576K
}
Event: 1147.747 GC heap before
{Heap before GC invocations=71 (full 0):
 garbage-first heap   total 284672K, used 157416K [0x0000000080000000, 0x0000000100000000)
  region size 1024K, 23 young (23552K), 2 survivors (2048K)
 Metaspace       used 124233K, capacity 128301K, committed 128448K, reserved 1161216K
  class space    used 15782K, capacity 17344K, committed 17408K, reserved 1048576K
}
Event: 1147.765 GC heap after
{Heap after GC invocations=72 (full 0):
 garbage-first heap   total 284672K, used 147455K [0x0000000080000000, 0x0000000100000000)
  region size 1024K, 9 young (9216K), 9 survivors (9216K)
 Metaspace       used 124233K, capacity 128301K, committed 128448K, reserved 1161216K
  class space    used 15782K, capacity 17344K, committed 17408K, reserved 1048576K
}
Event: 1149.350 GC heap before
{Heap before GC invocations=73 (full 0):
 garbage-first heap   total 284672K, used 211967K [0x0000000080000000, 0x0000000100000000)
  region size 1024K, 56 young (57344K), 9 survivors (9216K)
 Metaspace       used 124300K, capacity 128435K, committed 128704K, reserved 1161216K
  class space    used 15783K, capacity 17345K, committed 17408K, reserved 1048576K
}
Event: 1149.370 GC heap after
{Heap after GC invocations=74 (full 0):
 garbage-first heap   total 284672K, used 153593K [0x0000000080000000, 0x0000000100000000)
  region size 1024K, 7 young (7168K), 7 survivors (7168K)
 Metaspace       used 124300K, capacity 128435K, committed 128704K, reserved 1161216K
  class space    used 15783K, capacity 17345K, committed 17408K, reserved 1048576K
}
Event: 1149.377 GC heap before
{Heap before GC invocations=74 (full 0):
 garbage-first heap   total 284672K, used 159737K [0x0000000080000000, 0x0000000100000000)
  region size 1024K, 13 young (13312K), 7 survivors (7168K)
 Metaspace       used 124300K, capacity 128435K, committed 128704K, reserved 1161216K
  class space    used 15783K, capacity 17345K, committed 17408K, reserved 1048576K
}
Event: 1149.392 GC heap after
{Heap after GC invocations=75 (full 0):
 garbage-first heap   total 284672K, used 142336K [0x0000000080000000, 0x0000000100000000)
  region size 1024K, 2 young (2048K), 2 survivors (2048K)
 Metaspace       used 124300K, capacity 128435K, committed 128704K, reserved 1161216K
  class space    used 15783K, capacity 17345K, committed 17408K, reserved 1048576K
}
Event: 1149.571 GC heap before
{Heap before GC invocations=75 (full 0):
 garbage-first heap   total 284672K, used 166912K [0x0000000080000000, 0x0000000100000000)
  region size 1024K, 28 young (28672K), 2 survivors (2048K)
 Metaspace       used 124341K, capacity 128511K, committed 128704K, reserved 1161216K
  class space    used 15784K, capacity 17347K, committed 17408K, reserved 1048576K
}
Event: 1149.576 GC heap after
{Heap after GC invocations=76 (full 0):
 garbage-first heap   total 284672K, used 142646K [0x0000000080000000, 0x0000000100000000)
  region size 1024K, 2 young (2048K), 2 survivors (2048K)
 Metaspace       used 124341K, capacity 128511K, committed 128704K, reserved 1161216K
  class space    used 15784K, capacity 17347K, committed 17408K, reserved 1048576K
}
Event: 1215.840 GC heap before
{Heap before GC invocations=77 (full 0):
 garbage-first heap   total 284672K, used 197569K [0x0000000080000000, 0x0000000100000000)
  region size 1024K, 56 young (57344K), 2 survivors (2048K)
 Metaspace       used 124405K, capacity 128513K, committed 128704K, reserved 1161216K
  class space    used 15784K, capacity 17347K, committed 17408K, reserved 1048576K
}
Event: 1215.850 GC heap after
{Heap after GC invocations=78 (full 0):
 garbage-first heap   total 284672K, used 138239K [0x0000000080000000, 0x0000000100000000)
  region size 1024K, 7 young (7168K), 7 survivors (7168K)
 Metaspace       used 124405K, capacity 128513K, committed 128704K, reserved 1161216K
  class space    used 15784K, capacity 17347K, committed 17408K, reserved 1048576K
}
Event: 1215.870 GC heap before
{Heap before GC invocations=78 (full 0):
 garbage-first heap   total 284672K, used 144383K [0x0000000080000000, 0x0000000100000000)
  region size 1024K, 13 young (13312K), 7 survivors (7168K)
 Metaspace       used 124407K, capacity 128513K, committed 128704K, reserved 1161216K
  class space    used 15784K, capacity 17347K, committed 17408K, reserved 1048576K
}
Event: 1215.885 GC heap after
{Heap after GC invocations=79 (full 0):
 garbage-first heap   total 284672K, used 125015K [0x0000000080000000, 0x0000000100000000)
  region size 1024K, 1 young (1024K), 1 survivors (1024K)
 Metaspace       used 124407K, capacity 128513K, committed 128704K, reserved 1161216K
  class space    used 15784K, capacity 17347K, committed 17408K, reserved 1048576K
}
Event: 1215.891 GC heap before
{Heap before GC invocations=79 (full 0):
 garbage-first heap   total 284672K, used 126039K [0x0000000080000000, 0x0000000100000000)
  region size 1024K, 3 young (3072K), 1 survivors (1024K)
 Metaspace       used 124407K, capacity 128513K, committed 128704K, reserved 1161216K
  class space    used 15784K, capacity 17347K, committed 17408K, reserved 1048576K
}
Event: 1215.897 GC heap after
{Heap after GC invocations=80 (full 0):
 garbage-first heap   total 284672K, used 124687K [0x0000000080000000, 0x0000000100000000)
  region size 1024K, 1 young (1024K), 1 survivors (1024K)
 Metaspace       used 124407K, capacity 128513K, committed 128704K, reserved 1161216K
  class space    used 15784K, capacity 17347K, committed 17408K, reserved 1048576K
}

