# JRE version: OpenJDK Runtime Environment (11.0.13) (build 11.0.13+0-b1751.21-8125866)
# Java VM: OpenJDK 64-Bit Server VM (11.0.13+0-b1751.21-8125866, mixed mode, tiered, compressed oops, g1 gc, windows-amd64)
Heap:
 garbage-first heap   total 238592K, used 63298K [0x0000000080000000, 0x0000000100000000)
  region size 1024K, 10 young (10240K), 7 survivors (7168K)
 Metaspace       used 64745K, capacity 66296K, committed 66640K, reserved 1107968K
  class space    used 8138K, capacity 8757K, committed 8864K, reserved 1048576K
GC Heap History (20 events):
Event: 1.122 GC heap before
{Heap before GC invocations=2 (full 0):
 garbage-first heap   total 196608K, used 40050K [0x0000000080000000, 0x0000000100000000)
  region size 1024K, 31 young (31744K), 2 survivors (2048K)
 Metaspace       used 10883K, capacity 11077K, committed 11264K, reserved 1058816K
  class space    used 1112K, capacity 1207K, committed 1280K, reserved 1048576K
}
Event: 1.125 GC heap after
{Heap after GC invocations=3 (full 0):
 garbage-first heap   total 196608K, used 12651K [0x0000000080000000, 0x0000000100000000)
  region size 1024K, 4 young (4096K), 4 survivors (4096K)
 Metaspace       used 10883K, capacity 11077K, committed 11264K, reserved 1058816K
  class space    used 1112K, capacity 1207K, committed 1280K, reserved 1048576K
}
Event: 1.796 GC heap before
{Heap before GC invocations=3 (full 0):
 garbage-first heap   total 196608K, used 56683K [0x0000000080000000, 0x0000000100000000)
  region size 1024K, 47 young (48128K), 4 survivors (4096K)
 Metaspace       used 17634K, capacity 18007K, committed 18176K, reserved 1064960K
  class space    used 2055K, capacity 2177K, committed 2304K, reserved 1048576K
}
Event: 1.801 GC heap after
{Heap after GC invocations=4 (full 0):
 garbage-first heap   total 196608K, used 16566K [0x0000000080000000, 0x0000000100000000)
  region size 1024K, 6 young (6144K), 6 survivors (6144K)
 Metaspace       used 17634K, capacity 18007K, committed 18176K, reserved 1064960K
  class space    used 2055K, capacity 2177K, committed 2304K, reserved 1048576K
}
Event: 2.011 GC heap before
{Heap before GC invocations=4 (full 0):
 garbage-first heap   total 196608K, used 44214K [0x0000000080000000, 0x0000000100000000)
  region size 1024K, 34 young (34816K), 6 survivors (6144K)
 Metaspace       used 20794K, capacity 21193K, committed 21296K, reserved 1069056K
  class space    used 2527K, capacity 2688K, committed 2688K, reserved 1048576K
}
Event: 2.015 GC heap after
{Heap after GC invocations=5 (full 0):
 garbage-first heap   total 196608K, used 17342K [0x0000000080000000, 0x0000000100000000)
  region size 1024K, 5 young (5120K), 5 survivors (5120K)
 Metaspace       used 20794K, capacity 21193K, committed 21296K, reserved 1069056K
  class space    used 2527K, capacity 2688K, committed 2688K, reserved 1048576K
}
Event: 2.564 GC heap before
{Heap before GC invocations=6 (full 0):
 garbage-first heap   total 196608K, used 73662K [0x0000000080000000, 0x0000000100000000)
  region size 1024K, 60 young (61440K), 5 survivors (5120K)
 Metaspace       used 26684K, capacity 27307K, committed 27516K, reserved 1073152K
  class space    used 3454K, capacity 3670K, committed 3788K, reserved 1048576K
}
Event: 2.572 GC heap after
{Heap after GC invocations=7 (full 0):
 garbage-first heap   total 196608K, used 19245K [0x0000000080000000, 0x0000000100000000)
  region size 1024K, 3 young (3072K), 3 survivors (3072K)
 Metaspace       used 26684K, capacity 27307K, committed 27516K, reserved 1073152K
  class space    used 3454K, capacity 3670K, committed 3788K, reserved 1048576K
}
Event: 3.225 GC heap before
{Heap before GC invocations=7 (full 0):
 garbage-first heap   total 196608K, used 77613K [0x0000000080000000, 0x0000000100000000)
  region size 1024K, 61 young (62464K), 3 survivors (3072K)
 Metaspace       used 35161K, capacity 35973K, committed 36048K, reserved 1081344K
  class space    used 4516K, capacity 4838K, committed 4896K, reserved 1048576K
}
Event: 3.234 GC heap after
{Heap after GC invocations=8 (full 0):
 garbage-first heap   total 196608K, used 22787K [0x0000000080000000, 0x0000000100000000)
  region size 1024K, 7 young (7168K), 7 survivors (7168K)
 Metaspace       used 35161K, capacity 35973K, committed 36048K, reserved 1081344K
  class space    used 4516K, capacity 4838K, committed 4896K, reserved 1048576K
}
Event: 3.986 GC heap before
{Heap before GC invocations=9 (full 0):
 garbage-first heap   total 196608K, used 105731K [0x0000000080000000, 0x0000000100000000)
  region size 1024K, 85 young (87040K), 7 survivors (7168K)
 Metaspace       used 41522K, capacity 42551K, committed 42704K, reserved 1087488K
  class space    used 5271K, capacity 5630K, committed 5664K, reserved 1048576K
}
Event: 4.002 GC heap after
{Heap after GC invocations=10 (full 0):
 garbage-first heap   total 196608K, used 29143K [0x0000000080000000, 0x0000000100000000)
  region size 1024K, 11 young (11264K), 11 survivors (11264K)
 Metaspace       used 41522K, capacity 42551K, committed 42704K, reserved 1087488K
  class space    used 5271K, capacity 5630K, committed 5664K, reserved 1048576K
}
Event: 4.916 GC heap before
{Heap before GC invocations=10 (full 0):
 garbage-first heap   total 196608K, used 130519K [0x0000000080000000, 0x0000000100000000)
  region size 1024K, 110 young (112640K), 11 survivors (11264K)
 Metaspace       used 48308K, capacity 49572K, committed 49872K, reserved 1093632K
  class space    used 6107K, capacity 6563K, committed 6688K, reserved 1048576K
}
Event: 4.938 GC heap after
{Heap after GC invocations=11 (full 0):
 garbage-first heap   total 196608K, used 33408K [0x0000000080000000, 0x0000000100000000)
  region size 1024K, 10 young (10240K), 10 survivors (10240K)
 Metaspace       used 48308K, capacity 49572K, committed 49872K, reserved 1093632K
  class space    used 6107K, capacity 6563K, committed 6688K, reserved 1048576K
}
Event: 6.070 GC heap before
{Heap before GC invocations=11 (full 0):
 garbage-first heap   total 196608K, used 147072K [0x0000000080000000, 0x0000000100000000)
  region size 1024K, 112 young (114688K), 10 survivors (10240K)
 Metaspace       used 57244K, capacity 58763K, committed 58960K, reserved 1099776K
  class space    used 7185K, capacity 7751K, committed 7840K, reserved 1048576K
}
Event: 6.085 GC heap after
{Heap after GC invocations=12 (full 0):
 garbage-first heap   total 238592K, used 53643K [0x0000000080000000, 0x0000000100000000)
  region size 1024K, 14 young (14336K), 14 survivors (14336K)
 Metaspace       used 57244K, capacity 58763K, committed 58960K, reserved 1099776K
  class space    used 7185K, capacity 7751K, committed 7840K, reserved 1048576K
}
Event: 6.227 GC heap before
{Heap before GC invocations=12 (full 0):
 garbage-first heap   total 238592K, used 61835K [0x0000000080000000, 0x0000000100000000)
  region size 1024K, 23 young (23552K), 14 survivors (14336K)
 Metaspace       used 58824K, capacity 60386K, committed 60496K, reserved 1101824K
  class space    used 7402K, capacity 7995K, committed 8096K, reserved 1048576K
}
Event: 6.242 GC heap after
{Heap after GC invocations=13 (full 0):
 garbage-first heap   total 238592K, used 55669K [0x0000000080000000, 0x0000000100000000)
  region size 1024K, 2 young (2048K), 2 survivors (2048K)
 Metaspace       used 58824K, capacity 60386K, committed 60496K, reserved 1101824K
  class space    used 7402K, capacity 7995K, committed 8096K, reserved 1048576K
}
Event: 6.998 GC heap before
{Heap before GC invocations=14 (full 0):
 garbage-first heap   total 238592K, used 137589K [0x0000000080000000, 0x0000000100000000)
  region size 1024K, 75 young (76800K), 2 survivors (2048K)
 Metaspace       used 64506K, capacity 66126K, committed 66256K, reserved 1107968K
  class space    used 8117K, capacity 8723K, committed 8736K, reserved 1048576K
}
Event: 7.007 GC heap after
{Heap after GC invocations=15 (full 0):
 garbage-first heap   total 238592K, used 61250K [0x0000000080000000, 0x0000000100000000)
  region size 1024K, 7 young (7168K), 7 survivors (7168K)
 Metaspace       used 64506K, capacity 66126K, committed 66256K, reserved 1107968K
  class space    used 8117K, capacity 8723K, committed 8736K, reserved 1048576K
}

