# JRE version: OpenJDK Runtime Environment (11.0.13) (build 11.0.13+0-b1751.21-8125866)
# Java VM: OpenJDK 64-Bit Server VM (11.0.13+0-b1751.21-8125866, mixed mode, tiered, compressed oops, g1 gc, windows-amd64)
Heap:
 garbage-first heap   total 284672K, used 197632K [0x0000000080000000, 0x0000000100000000)
  region size 1024K, 126 young (129024K), 16 survivors (16384K)
 Metaspace       used 90423K, capacity 92646K, committed 92880K, reserved 1130496K
  class space    used 11584K, capacity 12443K, committed 12544K, reserved 1048576K
GC Heap History (20 events):
Event: 3.056 GC heap after
{Heap after GC invocations=7 (full 0):
 garbage-first heap   total 196608K, used 22494K [0x0000000080000000, 0x0000000100000000)
  region size 1024K, 7 young (7168K), 7 survivors (7168K)
 Metaspace       used 35136K, capacity 35924K, committed 36048K, reserved 1081344K
  class space    used 4503K, capacity 4802K, committed 4864K, reserved 1048576K
}
Event: 3.790 GC heap before
{Heap before GC invocations=8 (full 0):
 garbage-first heap   total 196608K, used 99294K [0x0000000080000000, 0x0000000100000000)
  region size 1024K, 80 young (81920K), 7 survivors (7168K)
 Metaspace       used 40936K, capacity 41937K, committed 42192K, reserved 1085440K
  class space    used 5178K, capacity 5519K, committed 5632K, reserved 1048576K
}
Event: 3.806 GC heap after
{Heap after GC invocations=9 (full 0):
 garbage-first heap   total 196608K, used 28444K [0x0000000080000000, 0x0000000100000000)
  region size 1024K, 10 young (10240K), 10 survivors (10240K)
 Metaspace       used 40936K, capacity 41937K, committed 42192K, reserved 1085440K
  class space    used 5178K, capacity 5519K, committed 5632K, reserved 1048576K
}
Event: 4.473 GC heap before
{Heap before GC invocations=9 (full 0):
 garbage-first heap   total 196608K, used 111388K [0x0000000080000000, 0x0000000100000000)
  region size 1024K, 91 young (93184K), 10 survivors (10240K)
 Metaspace       used 47309K, capacity 48518K, committed 48720K, reserved 1091584K
  class space    used 6013K, capacity 6451K, committed 6528K, reserved 1048576K
}
Event: 4.485 GC heap after
{Heap after GC invocations=10 (full 0):
 garbage-first heap   total 236544K, used 31335K [0x0000000080000000, 0x0000000100000000)
  region size 1024K, 9 young (9216K), 9 survivors (9216K)
 Metaspace       used 47309K, capacity 48518K, committed 48720K, reserved 1091584K
  class space    used 6013K, capacity 6451K, committed 6528K, reserved 1048576K
}
Event: 5.944 GC heap before
{Heap before GC invocations=10 (full 0):
 garbage-first heap   total 236544K, used 172647K [0x0000000080000000, 0x0000000100000000)
  region size 1024K, 138 young (141312K), 9 survivors (9216K)
 Metaspace       used 57710K, capacity 59177K, committed 59344K, reserved 1101824K
  class space    used 7259K, capacity 7827K, committed 7936K, reserved 1048576K
}
Event: 5.961 GC heap after
{Heap after GC invocations=11 (full 0):
 garbage-first heap   total 236544K, used 52699K [0x0000000080000000, 0x0000000100000000)
  region size 1024K, 18 young (18432K), 18 survivors (18432K)
 Metaspace       used 57710K, capacity 59177K, committed 59344K, reserved 1101824K
  class space    used 7259K, capacity 7827K, committed 7936K, reserved 1048576K
}
Event: 6.028 GC heap before
{Heap before GC invocations=11 (full 0):
 garbage-first heap   total 236544K, used 54747K [0x0000000080000000, 0x0000000100000000)
  region size 1024K, 21 young (21504K), 18 survivors (18432K)
 Metaspace       used 58818K, capacity 60360K, committed 60496K, reserved 1101824K
  class space    used 7395K, capacity 7987K, committed 8064K, reserved 1048576K
}
Event: 6.047 GC heap after
{Heap after GC invocations=12 (full 0):
 garbage-first heap   total 236544K, used 55444K [0x0000000080000000, 0x0000000100000000)
  region size 1024K, 2 young (2048K), 2 survivors (2048K)
 Metaspace       used 58818K, capacity 60360K, committed 60496K, reserved 1101824K
  class space    used 7395K, capacity 7987K, committed 8064K, reserved 1048576K
}
Event: 6.750 GC heap before
{Heap before GC invocations=13 (full 0):
 garbage-first heap   total 236544K, used 131220K [0x0000000080000000, 0x0000000100000000)
  region size 1024K, 70 young (71680K), 2 survivors (2048K)
 Metaspace       used 64124K, capacity 65705K, committed 66000K, reserved 1105920K
  class space    used 8050K, capacity 8650K, committed 8704K, reserved 1048576K
}
Event: 6.760 GC heap after
{Heap after GC invocations=14 (full 0):
 garbage-first heap   total 236544K, used 59987K [0x0000000080000000, 0x0000000100000000)
  region size 1024K, 6 young (6144K), 6 survivors (6144K)
 Metaspace       used 64124K, capacity 65705K, committed 66000K, reserved 1105920K
  class space    used 8050K, capacity 8650K, committed 8704K, reserved 1048576K
}
Event: 7.535 GC heap before
{Heap before GC invocations=15 (full 0):
 garbage-first heap   total 236544K, used 135763K [0x0000000080000000, 0x0000000100000000)
  region size 1024K, 80 young (81920K), 6 survivors (6144K)
 Metaspace       used 67981K, capacity 69699K, committed 69840K, reserved 1110016K
  class space    used 8554K, capacity 9206K, committed 9216K, reserved 1048576K
}
Event: 7.545 GC heap after
{Heap after GC invocations=16 (full 0):
 garbage-first heap   total 236544K, used 64826K [0x0000000080000000, 0x0000000100000000)
  region size 1024K, 5 young (5120K), 5 survivors (5120K)
 Metaspace       used 67981K, capacity 69699K, committed 69840K, reserved 1110016K
  class space    used 8554K, capacity 9206K, committed 9216K, reserved 1048576K
}
Event: 8.528 GC heap before
{Heap before GC invocations=16 (full 0):
 garbage-first heap   total 236544K, used 144698K [0x0000000080000000, 0x0000000100000000)
  region size 1024K, 83 young (84992K), 5 survivors (5120K)
 Metaspace       used 75733K, capacity 77445K, committed 77776K, reserved 1116160K
  class space    used 9732K, capacity 10410K, committed 10496K, reserved 1048576K
}
Event: 8.539 GC heap after
{Heap after GC invocations=17 (full 0):
 garbage-first heap   total 236544K, used 70064K [0x0000000080000000, 0x0000000100000000)
  region size 1024K, 10 young (10240K), 10 survivors (10240K)
 Metaspace       used 75733K, capacity 77445K, committed 77776K, reserved 1116160K
  class space    used 9732K, capacity 10410K, committed 10496K, reserved 1048576K
}
Event: 9.443 GC heap before
{Heap before GC invocations=17 (full 0):
 garbage-first heap   total 236544K, used 153008K [0x0000000080000000, 0x0000000100000000)
  region size 1024K, 91 young (93184K), 10 survivors (10240K)
 Metaspace       used 83169K, capacity 84988K, committed 85200K, reserved 1122304K
  class space    used 10730K, capacity 11424K, committed 11520K, reserved 1048576K
}
Event: 9.461 GC heap after
{Heap after GC invocations=18 (full 0):
 garbage-first heap   total 236544K, used 75351K [0x0000000080000000, 0x0000000100000000)
  region size 1024K, 11 young (11264K), 11 survivors (11264K)
 Metaspace       used 83169K, capacity 84988K, committed 85200K, reserved 1122304K
  class space    used 10730K, capacity 11424K, committed 11520K, reserved 1048576K
}
Event: 10.743 GC heap before
{Heap before GC invocations=18 (full 0):
 garbage-first heap   total 236544K, used 160343K [0x0000000080000000, 0x0000000100000000)
  region size 1024K, 95 young (97280K), 11 survivors (11264K)
 Metaspace       used 88270K, capacity 90417K, committed 90576K, reserved 1128448K
  class space    used 11382K, capacity 12200K, committed 12288K, reserved 1048576K
}
Event: 10.761 GC heap after
{Heap after GC invocations=19 (full 0):
 garbage-first heap   total 284672K, used 81920K [0x0000000080000000, 0x0000000100000000)
  region size 1024K, 12 young (12288K), 12 survivors (12288K)
 Metaspace       used 88270K, capacity 90417K, committed 90576K, reserved 1128448K
  class space    used 11382K, capacity 12200K, committed 12288K, reserved 1048576K
}
Event: 12.014 GC heap before
{Heap before GC invocations=19 (full 0):
 garbage-first heap   total 284672K, used 196608K [0x0000000080000000, 0x0000000100000000)
  region size 1024K, 122 young (124928K), 12 survivors (12288K)
 Metaspace       used 90423K, capacity 92646K, committed 92880K, reserved 1130496K
  class space    used 11584K, capacity 12443K, committed 12544K, reserved 1048576K
}

